# 日志文件
time="2020-07-30T09:01:59+08:00" level=info client_ip="::1" latency_time=54.8816ms req_method=GET req_uri=/ status_code=200
time="2020-07-30T09:02:08+08:00" level=info client_ip="::1" latency_time=36.7999ms req_method=GET req_uri=/forum/1/list.html status_code=200
time="2020-07-30T09:02:09+08:00" level=info client_ip="::1" latency_time=40.8899ms req_method=GET req_uri=/forum/2/list.html status_code=200
time="2020-07-30T09:02:10+08:00" level=info client_ip="::1" latency_time=17.9523ms req_method=GET req_uri=/forum/3/list.html status_code=200
time="2020-07-30T09:02:11+08:00" level=info client_ip="::1" latency_time=23.9385ms req_method=GET req_uri=/forum/2/list.html status_code=200
time="2020-07-30T09:02:12+08:00" level=info client_ip="::1" latency_time=113.6962ms req_method=GET req_uri="/api/v1/forum/2/tagthread?tags=1" status_code=200
time="2020-07-30T09:02:13+08:00" level=info client_ip="::1" latency_time="992.2µs" req_method=GET req_uri="/api/v1/forum/2/tagthread?tags=7" status_code=200
time="2020-07-30T09:02:13+08:00" level=info client_ip="::1" latency_time="997.9µs" req_method=GET req_uri="/api/v1/forum/2/tagthread?tags=8" status_code=200
time="2020-07-30T09:02:15+08:00" level=info client_ip="::1" latency_time=21.94ms req_method=GET req_uri=/forum/3/list.html status_code=200
time="2020-07-30T09:02:17+08:00" level=info client_ip="::1" latency_time=41.8881ms req_method=GET req_uri=/thread/115/detail.html status_code=200
time="2020-07-30T09:02:17+08:00" level=info client_ip="::1" latency_time=24.9341ms req_method=GET req_uri="/thread/115/detail.html?vcode.htm" status_code=200
time="2020-07-30T09:02:17+08:00" level=info client_ip="::1" latency_time=0s req_method=GET req_uri="/api/v1/capacha?0.5712746874322372" status_code=200
time="2020-07-30T09:02:21+08:00" level=info client_ip="::1" latency_time=0s req_method=GET req_uri="/api/v1/capacha?0.11918864257856865" status_code=200
time="2020-07-30T09:02:22+08:00" level=info client_ip="::1" latency_time=0s req_method=GET req_uri="/api/v1/capacha?0.3972147596426847" status_code=200
time="2020-07-30T09:02:23+08:00" level=info client_ip="::1" latency_time=0s req_method=GET req_uri="/api/v1/capacha?0.913543888809321" status_code=200
time="2020-07-30T09:02:23+08:00" level=info client_ip="::1" latency_time=0s req_method=GET req_uri="/api/v1/capacha?0.48355221363370826" status_code=200
time="2020-07-30T09:21:51+08:00" level=info client_ip="::1" latency_time=67.8196ms req_method=GET req_uri=/ status_code=200
time="2020-07-30T09:21:53+08:00" level=info client_ip="::1" latency_time=14.9516ms req_method=GET req_uri=/my.html status_code=200
time="2020-07-30T09:21:54+08:00" level=info client_ip="::1" latency_time=12.9639ms req_method=GET req_uri=/my_password.html status_code=200
time="2020-07-30T09:21:55+08:00" level=info client_ip="::1" latency_time=13.962ms req_method=GET req_uri=/my_avatar.html status_code=200
time="2020-07-30T09:21:56+08:00" level=info client_ip="::1" latency_time=17.9513ms req_method=GET req_uri=/my.html status_code=200
time="2020-07-30T09:21:57+08:00" level=info client_ip="::1" latency_time=12.9645ms req_method=GET req_uri=/my_password.html status_code=200
time="2020-07-30T09:21:57+08:00" level=info client_ip="::1" latency_time=22.9391ms req_method=GET req_uri=/forum/2/list.html status_code=200
time="2020-07-30T09:21:58+08:00" level=info client_ip="::1" latency_time=23.9363ms req_method=GET req_uri=/forum/1/list.html status_code=200
time="2020-07-30T09:21:58+08:00" level=info client_ip="::1" latency_time=28.9211ms req_method=GET req_uri=/ status_code=200
time="2020-07-30T10:01:25+08:00" level=info client_ip="::1" latency_time=72.8039ms req_method=GET req_uri=/ status_code=200
time="2020-07-30T10:01:25+08:00" level=info client_ip="::1" latency_time=238.3629ms req_method=GET req_uri=/static/img/web.ico status_code=200
time="2020-07-30T10:42:59+08:00" level=info client_ip="::1" latency_time=251.4091ms req_method=GET req_uri=/ status_code=200
time="2020-07-30T10:42:59+08:00" level=info client_ip="::1" latency_time=238.363ms req_method=GET req_uri=/static/img/web.ico status_code=200
time="2020-07-30T10:43:01+08:00" level=info client_ip="::1" latency_time=13.9616ms req_method=GET req_uri=/newthread.html status_code=200
time="2020-07-30T10:43:01+08:00" level=info client_ip="::1" latency_time=3.9884ms req_method=GET req_uri=/static/ckeditor/ckeditor.js status_code=200
time="2020-07-30T10:43:01+08:00" level=info client_ip="::1" latency_time=16.9768ms req_method=GET req_uri="/newthread.html?vcode.htm" status_code=200
time="2020-07-30T10:43:01+08:00" level=info client_ip="::1" latency_time=8.0094ms req_method=GET req_uri="/api/v1/capacha?0.7008644017918182" status_code=200
time="2020-07-30T10:43:01+08:00" level=info client_ip="::1" latency_time=1.9967ms req_method=GET req_uri=/api/v1/forum/1/tagcate status_code=200
time="2020-07-30T10:43:01+08:00" level=info client_ip="::1" latency_time=1.0227ms req_method=GET req_uri="/static/ckeditor/config.js?t=J5S8" status_code=200
time="2020-07-30T10:43:01+08:00" level=info client_ip="::1" latency_time=1.041ms req_method=GET req_uri="/static/ckeditor/lang/zh-cn.js?t=J5S8" status_code=200
time="2020-07-30T10:43:01+08:00" level=info client_ip="::1" latency_time=1.041ms req_method=GET req_uri="/static/ckeditor/skins/moono-lisa/editor.css?t=J5S8" status_code=200
time="2020-07-30T10:43:01+08:00" level=info client_ip="::1" latency_time=0s req_method=GET req_uri="/static/ckeditor/styles.js?t=J5S8" status_code=200
time="2020-07-30T10:43:01+08:00" level=info client_ip="::1" latency_time=0s req_method=GET req_uri="/static/ckeditor/plugins/scayt/dialogs/dialog.css?t=J5S8" status_code=200
time="2020-07-30T10:43:01+08:00" level=info client_ip="::1" latency_time=0s req_method=GET req_uri="/static/ckeditor/plugins/scayt/skins/moono-lisa/scayt.css?t=J5S8" status_code=200
time="2020-07-30T10:43:01+08:00" level=info client_ip="::1" latency_time=0s req_method=GET req_uri="/static/ckeditor/plugins/wsc/skins/moono-lisa/wsc.css?t=J5S8" status_code=200
time="2020-07-30T10:43:02+08:00" level=info client_ip="::1" latency_time=1.027ms req_method=GET req_uri="/static/ckeditor/skins/moono-lisa/icons.png?t=64749bb245" status_code=200
time="2020-07-30T10:43:02+08:00" level=info client_ip="::1" latency_time="996.1µs" req_method=GET req_uri="/static/ckeditor/contents.css?t=J5S8" status_code=200
time="2020-07-30T10:43:03+08:00" level=info client_ip="::1" latency_time=11.9624ms req_method=GET req_uri="/api/v1/capacha?0.8349833643513345" status_code=200
time="2020-07-30T10:43:04+08:00" level=info client_ip="::1" latency_time=9.0038ms req_method=GET req_uri="/api/v1/capacha?0.7979750663176148" status_code=200
time="2020-07-30T10:43:04+08:00" level=info client_ip="::1" latency_time=9.005ms req_method=GET req_uri="/api/v1/capacha?0.045954474383965715" status_code=200
time="2020-07-30T10:43:05+08:00" level=info client_ip="::1" latency_time=8.0096ms req_method=GET req_uri="/api/v1/capacha?0.8809564290814622" status_code=200
time="2020-07-30T10:43:05+08:00" level=info client_ip="::1" latency_time=11.0024ms req_method=GET req_uri="/api/v1/capacha?0.3016982858418673" status_code=200
time="2020-07-30T10:43:05+08:00" level=info client_ip="::1" latency_time=12.0063ms req_method=GET req_uri="/api/v1/capacha?0.7660496722124293" status_code=200
time="2020-07-30T10:43:06+08:00" level=info client_ip="::1" latency_time=8.002ms req_method=GET req_uri="/api/v1/capacha?0.14173360794517276" status_code=200
time="2020-07-30T10:43:06+08:00" level=info client_ip="::1" latency_time=9.9967ms req_method=GET req_uri="/api/v1/capacha?0.8617680355961839" status_code=200
time="2020-07-30T10:43:06+08:00" level=info client_ip="::1" latency_time=9.0053ms req_method=GET req_uri="/api/v1/capacha?0.08906482816562278" status_code=200
time="2020-07-30T10:43:06+08:00" level=info client_ip="::1" latency_time=9.0055ms req_method=GET req_uri="/api/v1/capacha?0.048463198458811974" status_code=200
time="2020-07-30T10:43:06+08:00" level=info client_ip="::1" latency_time=11.9958ms req_method=GET req_uri="/api/v1/capacha?0.203624866211906" status_code=200
time="2020-07-30T10:43:07+08:00" level=info client_ip="::1" latency_time=11.9522ms req_method=GET req_uri="/api/v1/capacha?0.8086216409157605" status_code=200
time="2020-07-30T10:43:07+08:00" level=info client_ip="::1" latency_time=9.973ms req_method=GET req_uri="/api/v1/capacha?0.4587003655252533" status_code=200
time="2020-07-30T10:43:07+08:00" level=info client_ip="::1" latency_time=9.9778ms req_method=GET req_uri="/api/v1/capacha?0.8075619287857108" status_code=200
time="2020-07-30T10:43:07+08:00" level=info client_ip="::1" latency_time=9.0056ms req_method=GET req_uri="/api/v1/capacha?0.48071071546023103" status_code=200
time="2020-07-30T10:43:07+08:00" level=info client_ip="::1" latency_time=10.001ms req_method=GET req_uri="/api/v1/capacha?0.4388576475523118" status_code=200
time="2020-07-30T10:43:08+08:00" level=info client_ip="::1" latency_time=11.0055ms req_method=GET req_uri="/api/v1/capacha?0.20887437378392626" status_code=200
time="2020-07-30T10:43:08+08:00" level=info client_ip="::1" latency_time=9.9993ms req_method=GET req_uri="/api/v1/capacha?0.9951767604288058" status_code=200
time="2020-07-30T10:43:08+08:00" level=info client_ip="::1" latency_time=10.9987ms req_method=GET req_uri="/api/v1/capacha?0.09281669392951608" status_code=200
time="2020-07-30T10:43:08+08:00" level=info client_ip="::1" latency_time=11.9965ms req_method=GET req_uri="/api/v1/capacha?0.4898474907529602" status_code=200
time="2020-07-30T10:43:08+08:00" level=info client_ip="::1" latency_time=11.9919ms req_method=GET req_uri="/api/v1/capacha?0.4046568932023842" status_code=200
time="2020-07-30T10:43:09+08:00" level=info client_ip="::1" latency_time=10.0021ms req_method=GET req_uri="/api/v1/capacha?0.6047311426347712" status_code=200
time="2020-07-30T10:43:09+08:00" level=info client_ip="::1" latency_time=10.9697ms req_method=GET req_uri="/api/v1/capacha?0.9942909496923389" status_code=200
time="2020-07-30T10:43:09+08:00" level=info client_ip="::1" latency_time=11.0026ms req_method=GET req_uri="/api/v1/capacha?0.2511739898667522" status_code=200
time="2020-07-30T10:43:10+08:00" level=info client_ip="::1" latency_time=10.0031ms req_method=GET req_uri="/api/v1/capacha?0.894599957278768" status_code=200
time="2020-07-30T10:43:10+08:00" level=info client_ip="::1" latency_time=11.9951ms req_method=GET req_uri="/api/v1/capacha?0.6695965594309177" status_code=200
time="2020-07-30T10:43:10+08:00" level=info client_ip="::1" latency_time=9.0054ms req_method=GET req_uri="/api/v1/capacha?0.30361223399724" status_code=200
time="2020-07-30T10:43:10+08:00" level=info client_ip="::1" latency_time=8.976ms req_method=GET req_uri="/api/v1/capacha?0.08004676675526312" status_code=200
time="2020-07-30T10:43:11+08:00" level=info client_ip="::1" latency_time=8.9762ms req_method=GET req_uri="/api/v1/capacha?0.9039125138126172" status_code=200
time="2020-07-30T10:43:11+08:00" level=info client_ip="::1" latency_time=10.0042ms req_method=GET req_uri="/api/v1/capacha?0.3781382533905744" status_code=200
time="2020-07-30T10:43:12+08:00" level=info client_ip="::1" latency_time=10.9946ms req_method=GET req_uri="/api/v1/capacha?0.1830254390113648" status_code=200
time="2020-07-30T10:43:12+08:00" level=info client_ip="::1" latency_time=11.0001ms req_method=GET req_uri="/api/v1/capacha?0.17736070018292827" status_code=200
time="2020-07-30T10:43:12+08:00" level=info client_ip="::1" latency_time=10.0106ms req_method=GET req_uri="/api/v1/capacha?0.5447737615523445" status_code=200
time="2020-07-30T10:43:12+08:00" level=info client_ip="::1" latency_time=10.003ms req_method=GET req_uri="/api/v1/capacha?0.7060381261097806" status_code=200
time="2020-07-30T10:43:13+08:00" level=info client_ip="::1" latency_time=10.0034ms req_method=GET req_uri="/api/v1/capacha?0.5641654355669887" status_code=200
time="2020-07-30T10:43:13+08:00" level=info client_ip="::1" latency_time=11.0022ms req_method=GET req_uri="/api/v1/capacha?0.6706942987534756" status_code=200
time="2020-07-30T10:43:14+08:00" level=info client_ip="::1" latency_time=10.0035ms req_method=GET req_uri="/api/v1/capacha?0.3568542453093304" status_code=200
time="2020-07-30T10:43:17+08:00" level=info client_ip="::1" latency_time=28.8766ms req_method=GET req_uri=/forum/1/list.html status_code=200
time="2020-07-30T10:43:19+08:00" level=info client_ip="::1" latency_time=60.8305ms req_method=GET req_uri=/thread/63/detail.html status_code=200
time="2020-07-30T10:43:19+08:00" level=info client_ip="::1" latency_time=27.9243ms req_method=GET req_uri="/thread/63/detail.html?vcode.htm" status_code=200
time="2020-07-30T10:43:19+08:00" level=info client_ip="::1" latency_time=10.0016ms req_method=GET req_uri="/api/v1/capacha?0.137975095799034" status_code=200
time="2020-07-30T10:43:27+08:00" level=info client_ip="::1" latency_time=9.0042ms req_method=GET req_uri="/api/v1/capacha?0.5845831768548342" status_code=200
time="2020-07-30T10:43:28+08:00" level=info client_ip="::1" latency_time=10.9701ms req_method=GET req_uri="/api/v1/capacha?0.20132035272498827" status_code=200
time="2020-07-30T10:43:33+08:00" level=info client_ip="::1" latency_time=0s req_method=POST req_uri=/api/v1/capacha status_code=200
time="2020-07-30T10:43:33+08:00" level=info client_ip="::1" latency_time=132.6438ms req_method=POST req_uri=/api/v1/thread/63/post status_code=200
time="2020-07-30T10:43:35+08:00" level=info client_ip="::1" latency_time=38.9086ms req_method=GET req_uri=/thread/63/detail.html status_code=200
time="2020-07-30T10:43:35+08:00" level=info client_ip="::1" latency_time=30.9179ms req_method=GET req_uri="/thread/63/detail.html?vcode.htm" status_code=200
time="2020-07-30T10:43:35+08:00" level=info client_ip="::1" latency_time=9.012ms req_method=GET req_uri="/api/v1/capacha?0.8530742936470024" status_code=200
time="2020-07-30T10:43:43+08:00" level=info client_ip="::1" latency_time=0s req_method=POST req_uri=/api/v1/capacha status_code=200
time="2020-07-30T10:43:43+08:00" level=info client_ip="::1" latency_time=7.9439ms req_method=GET req_uri="/api/v1/capacha?0.006292391805119202" status_code=200
